<?xml version="1.0" encoding="UTF-8"?>
<!-- Generated by org.testng.reporters.JUnitXMLReporter -->
<testsuite ignored="0" hostname="EC2AMAZ-8KL45D2" failures="0" tests="3" name="Default test" time="13.757" errors="0" timestamp="2024-10-10T08:24:27 UTC">
  <testcase classname="com.assaignments.Assignment6" name="login_to_app" time="8.241"/>
  <testcase classname="com.assaignments.Assignment6" name="delete" time="4.268"/>
  <testcase classname="com.assaignments.Assignment6" name="testCreateNotes" time="1.033"/>
</testsuite> <!-- Default test -->
