<?xml version="1.0" encoding="UTF-8"?>
<testng-results ignored="0" total="3" passed="3" failed="0" skipped="0">
  <reporter-output>
  </reporter-output>
  <suite started-at="2024-10-10T08:24:13 UTC" name="Default suite" finished-at="2024-10-10T08:24:27 UTC" duration-ms="13757">
    <groups>
    </groups>
    <test started-at="2024-10-10T08:24:13 UTC" name="Default test" finished-at="2024-10-10T08:24:27 UTC" duration-ms="13757">
      <class name="com.assaignments.Assignment6">
        <test-method signature="login_to_app()[pri:0, instance:com.assaignments.Assignment6@128d2484]" started-at="2024-10-10T08:24:13 UTC" name="login_to_app" finished-at="2024-10-10T08:24:21 UTC" duration-ms="8241" status="PASS">
          <reporter-output>
          </reporter-output>
        </test-method> <!-- login_to_app -->
        <test-method signature="delete()[pri:2, instance:com.assaignments.Assignment6@128d2484]" started-at="2024-10-10T08:24:21 UTC" name="delete" finished-at="2024-10-10T08:24:25 UTC" duration-ms="4268" status="PASS">
          <reporter-output>
          </reporter-output>
        </test-method> <!-- delete -->
        <test-method signature="testCreateNotes()[pri:3, instance:com.assaignments.Assignment6@128d2484]" started-at="2024-10-10T08:24:25 UTC" name="testCreateNotes" finished-at="2024-10-10T08:24:26 UTC" duration-ms="1033" status="PASS">
          <reporter-output>
          </reporter-output>
        </test-method> <!-- testCreateNotes -->
        <test-method is-config="true" signature="post_condition()[pri:0, instance:com.assaignments.Assignment6@128d2484]" started-at="2024-10-10T08:24:26 UTC" name="post_condition" finished-at="2024-10-10T08:24:27 UTC" duration-ms="176" status="PASS">
          <reporter-output>
          </reporter-output>
        </test-method> <!-- post_condition -->
      </class> <!-- com.assaignments.Assignment6 -->
    </test> <!-- Default test -->
  </suite> <!-- Default suite -->
</testng-results>
